0 info it worked if it ends with ok
1 verbose cli [ 'node', '/usr/local/bin/npm', 'install', 'gulp', '--save' ]
2 info using npm@2.7.4
3 info using node@v0.12.2
4 verbose config Skipping project config: /Users/qqy/.npmrc. (matches userconfig)
5 verbose install gulp is installed as 3.9.0
6 silly cache add args [ 'gulp', null ]
7 verbose cache add spec gulp
8 silly cache add parsed spec { raw: 'gulp',
8 silly cache add   scope: null,
8 silly cache add   name: 'gulp',
8 silly cache add   rawSpec: '',
8 silly cache add   spec: '*',
8 silly cache add   type: 'range' }
9 verbose addNamed gulp@*
10 silly addNamed semver.valid null
11 silly addNamed semver.validRange *
12 silly addNameRange { name: 'gulp', range: '*', hasData: false }
13 silly mapToRegistry name gulp
14 silly mapToRegistry using default registry
15 silly mapToRegistry registry https://registry.npmjs.org/
16 silly mapToRegistry uri https://registry.npmjs.org/gulp
17 verbose addNameRange registry:https://registry.npmjs.org/gulp not in flight; fetching
18 verbose request uri https://registry.npmjs.org/gulp
19 verbose request no auth needed
20 info attempt registry request try #1 at 1:46:24 PM
21 verbose request id be8e2295797e1f6d
22 verbose etag "8DV4AXX67CQIP98HYX46D7CHI"
23 http request GET https://registry.npmjs.org/gulp
24 http 200 https://registry.npmjs.org/gulp
25 silly get cb [ 200,
25 silly get   { server: 'CouchDB/1.5.0 (Erlang OTP/R16B03)',
25 silly get     etag: '"AKZZQC333H1UA77NYZ8GUY2JV"',
25 silly get     'content-type': 'application/json',
25 silly get     'cache-control': 'max-age=60',
25 silly get     'content-length': '107483',
25 silly get     'accept-ranges': 'bytes',
25 silly get     date: 'Mon, 02 Nov 2015 05:46:24 GMT',
25 silly get     via: '1.1 varnish',
25 silly get     age: '18',
25 silly get     connection: 'keep-alive',
25 silly get     'x-served-by': 'cache-nrt6125-NRT',
25 silly get     'x-cache': 'HIT',
25 silly get     'x-cache-hits': '1',
25 silly get     'x-timer': 'S1446443184.754144,VS0,VE1',
25 silly get     vary: 'Accept' } ]
26 verbose get saving gulp to /Users/qqy/.npm/registry.npmjs.org/gulp/.cache.json
27 silly addNameRange number 2 { name: 'gulp', range: '*', hasData: true }
28 silly addNameRange versions [ 'gulp',
28 silly addNameRange   [ '0.0.1',
28 silly addNameRange     '0.0.2',
28 silly addNameRange     '0.0.3',
28 silly addNameRange     '0.0.4',
28 silly addNameRange     '0.0.5',
28 silly addNameRange     '0.0.7',
28 silly addNameRange     '0.0.8',
28 silly addNameRange     '0.0.9',
28 silly addNameRange     '0.1.0',
28 silly addNameRange     '0.2.0',
28 silly addNameRange     '1.0.0',
28 silly addNameRange     '1.1.0',
28 silly addNameRange     '1.2.0',
28 silly addNameRange     '1.2.1',
28 silly addNameRange     '2.0.0',
28 silly addNameRange     '2.0.1',
28 silly addNameRange     '2.1.0',
28 silly addNameRange     '2.2.0',
28 silly addNameRange     '2.3.0',
28 silly addNameRange     '2.4.0',
28 silly addNameRange     '2.4.1',
28 silly addNameRange     '2.6.0',
28 silly addNameRange     '2.6.1',
28 silly addNameRange     '2.7.0',
28 silly addNameRange     '3.0.0',
28 silly addNameRange     '3.1.1',
28 silly addNameRange     '3.1.2',
28 silly addNameRange     '3.1.3',
28 silly addNameRange     '3.1.4',
28 silly addNameRange     '3.2.0',
28 silly addNameRange     '3.2.1',
28 silly addNameRange     '3.2.2',
28 silly addNameRange     '3.2.3',
28 silly addNameRange     '3.2.4',
28 silly addNameRange     '3.2.5',
28 silly addNameRange     '3.3.0',
28 silly addNameRange     '3.3.1',
28 silly addNameRange     '3.3.2',
28 silly addNameRange     '3.3.4',
28 silly addNameRange     '3.4.0',
28 silly addNameRange     '3.5.0',
28 silly addNameRange     '3.5.1',
28 silly addNameRange     '3.5.2',
28 silly addNameRange     '3.5.5',
28 silly addNameRange     '3.5.6',
28 silly addNameRange     '3.6.0',
28 silly addNameRange     '3.6.1',
28 silly addNameRange     '3.6.2',
28 silly addNameRange     '3.7.0',
28 silly addNameRange     '3.8.0',
28 silly addNameRange     '3.8.1',
28 silly addNameRange     '3.8.2',
28 silly addNameRange     '3.8.3',
28 silly addNameRange     '3.8.4',
28 silly addNameRange     '3.8.5',
28 silly addNameRange     '3.8.6',
28 silly addNameRange     '3.8.7',
28 silly addNameRange     '3.8.8',
28 silly addNameRange     '3.8.9',
28 silly addNameRange     '3.8.10',
28 silly addNameRange     '3.8.11',
28 silly addNameRange     '3.9.0' ] ]
29 verbose addNamed gulp@3.9.0
30 silly addNamed semver.valid 3.9.0
31 silly addNamed semver.validRange 3.9.0
32 silly cache afterAdd gulp@3.9.0
33 verbose afterAdd /Users/qqy/.npm/gulp/3.9.0/package/package.json not in flight; writing
34 verbose afterAdd /Users/qqy/.npm/gulp/3.9.0/package/package.json written
35 silly install resolved [ { name: 'gulp',
35 silly install resolved     description: 'The streaming build system',
35 silly install resolved     version: '3.9.0',
35 silly install resolved     homepage: 'http://gulpjs.com',
35 silly install resolved     repository: { type: 'git', url: 'git+https://github.com/gulpjs/gulp.git' },
35 silly install resolved     author:
35 silly install resolved      { name: 'Fractal',
35 silly install resolved        email: 'contact@wearefractal.com',
35 silly install resolved        url: 'http://wearefractal.com/' },
35 silly install resolved     tags: [ 'build', 'stream', 'system', 'make', 'tool', 'asset', 'pipeline' ],
35 silly install resolved     files: [ 'index.js', 'lib', 'bin', 'completion' ],
35 silly install resolved     bin: { gulp: './bin/gulp.js' },
35 silly install resolved     man: [ 'gulp.1' ],
35 silly install resolved     dependencies:
35 silly install resolved      { archy: '^1.0.0',
35 silly install resolved        chalk: '^1.0.0',
35 silly install resolved        deprecated: '^0.0.1',
35 silly install resolved        'gulp-util': '^3.0.0',
35 silly install resolved        interpret: '^0.6.2',
35 silly install resolved        liftoff: '^2.1.0',
35 silly install resolved        minimist: '^1.1.0',
35 silly install resolved        orchestrator: '^0.3.0',
35 silly install resolved        'pretty-hrtime': '^1.0.0',
35 silly install resolved        semver: '^4.1.0',
35 silly install resolved        tildify: '^1.0.0',
35 silly install resolved        v8flags: '^2.0.2',
35 silly install resolved        'vinyl-fs': '^0.3.0' },
35 silly install resolved     devDependencies:
35 silly install resolved      { coveralls: '^2.7.0',
35 silly install resolved        'graceful-fs': '^3.0.0',
35 silly install resolved        istanbul: '^0.3.0',
35 silly install resolved        jscs: '~1.12.0',
35 silly install resolved        jshint: '^2.5.0',
35 silly install resolved        'jshint-stylish': '^1.0.0',
35 silly install resolved        'marked-man': '^0.1.3',
35 silly install resolved        mkdirp: '^0.5.0',
35 silly install resolved        mocha: '^2.0.1',
35 silly install resolved        'mocha-lcov-reporter': '^0.0.1',
35 silly install resolved        q: '^1.0.0',
35 silly install resolved        rimraf: '^2.2.5',
35 silly install resolved        should: '^5.0.1' },
35 silly install resolved     scripts:
35 silly install resolved      { prepublish: 'marked-man --name gulp docs/CLI.md > gulp.1',
35 silly install resolved        lint: 'jshint lib bin test index.js --reporter node_modules/jshint-stylish/stylish.js --exclude node_modules && jscs lib bin test index.js',
35 silly install resolved        test: 'npm run-script lint && mocha --reporter spec',
35 silly install resolved        coveralls: 'istanbul cover _mocha --report lcovonly -- -R spec && cat ./coverage/lcov.info | coveralls && rm -rf ./coverage' },
35 silly install resolved     engines: { node: '>= 0.9' },
35 silly install resolved     license: 'MIT',
35 silly install resolved     gitHead: '657213a52d5e9c19b85df6a42f76341a98c08ae8',
35 silly install resolved     bugs: { url: 'https://github.com/gulpjs/gulp/issues' },
35 silly install resolved     _id: 'gulp@3.9.0',
35 silly install resolved     _shasum: 'cf1fba4cb558bb8c6ae6c9613f583ae2620d214a',
35 silly install resolved     _from: 'gulp@*',
35 silly install resolved     _npmVersion: '2.8.3',
35 silly install resolved     _nodeVersion: '0.10.36',
35 silly install resolved     _npmUser: { name: 'phated', email: 'blaine@iceddev.com' },
35 silly install resolved     maintainers: [ [Object], [Object] ],
35 silly install resolved     dist:
35 silly install resolved      { shasum: 'cf1fba4cb558bb8c6ae6c9613f583ae2620d214a',
35 silly install resolved        tarball: 'http://registry.npmjs.org/gulp/-/gulp-3.9.0.tgz' },
35 silly install resolved     directories: {},
35 silly install resolved     _resolved: 'https://registry.npmjs.org/gulp/-/gulp-3.9.0.tgz',
35 silly install resolved     readme: 'ERROR: No README data found!' } ]
36 info install gulp@3.9.0 into /Users/qqy
37 info installOne gulp@3.9.0
38 verbose installOne of gulp to /Users/qqy not in flight; installing
39 verbose lock using /Users/qqy/.npm/_locks/gulp-a3736edc68caecfb.lock for /Users/qqy/node_modules/gulp
40 silly install write writing gulp 3.9.0 to /Users/qqy/node_modules/gulp
41 silly cache addNamed cb gulp@3.9.0
42 verbose unbuild node_modules/gulp
43 info preuninstall gulp@3.9.0
44 info uninstall gulp@3.9.0
45 verbose unbuild rmStuff gulp@3.9.0 from /Users/qqy/node_modules
46 silly gentlyRm /Users/qqy/node_modules/.bin/gulp is being gently removed
47 silly gentlyRm verifying /Users/qqy is an npm working directory
48 silly gentlyRm containing path /Users/qqy is under npm's control, in /Users/qqy
49 silly gentlyRm deletion target /Users/qqy/node_modules/.bin/gulp is under /Users/qqy
50 verbose gentlyRm vacuuming from /Users/qqy/node_modules/.bin/gulp up to /Users/qqy
51 silly vacuum-fs removing /Users/qqy/node_modules/.bin/gulp
52 verbose unlock done using /Users/qqy/.npm/_locks/gulp-a3736edc68caecfb.lock for /Users/qqy/node_modules/gulp
53 verbose stack Error: EACCES, unlink '/Users/qqy/node_modules/.bin/gulp'
53 verbose stack     at Error (native)
54 verbose cwd /Users/qqy/qudongdong/src/main/webapp
55 error Darwin 15.0.0
56 error argv "node" "/usr/local/bin/npm" "install" "gulp" "--save"
57 error node v0.12.2
58 error npm  v2.7.4
59 error path /Users/qqy/node_modules/.bin/gulp
60 error code EACCES
61 error errno -13
62 error Error: EACCES, unlink '/Users/qqy/node_modules/.bin/gulp'
62 error     at Error (native)
62 error  { [Error: EACCES, unlink '/Users/qqy/node_modules/.bin/gulp']
62 error   errno: -13,
62 error   code: 'EACCES',
62 error   path: '/Users/qqy/node_modules/.bin/gulp' }
63 error Please try running this command again as root/Administrator.
64 verbose exit [ -13, true ]
65 verbose unbuild node_modules/gulp
66 info preuninstall gulp@3.9.0
67 info uninstall gulp@3.9.0
68 verbose unbuild rmStuff gulp@3.9.0 from /Users/qqy/node_modules
69 silly gentlyRm /Users/qqy/node_modules/.bin/gulp is being gently removed
70 silly gentlyRm verifying /Users/qqy is an npm working directory
71 silly gentlyRm containing path /Users/qqy is under npm's control, in /Users/qqy
72 silly gentlyRm deletion target /Users/qqy/node_modules/.bin/gulp is under /Users/qqy
73 verbose gentlyRm vacuuming from /Users/qqy/node_modules/.bin/gulp up to /Users/qqy
74 silly vacuum-fs removing /Users/qqy/node_modules/.bin/gulp
75 error error rolling back Error: EACCES, unlink '/Users/qqy/node_modules/.bin/gulp'
75 error error rolling back     at Error (native)
75 error error rolling back  { [Error: EACCES, unlink '/Users/qqy/node_modules/.bin/gulp']
75 error error rolling back   errno: -13,
75 error error rolling back   code: 'EACCES',
75 error error rolling back   path: '/Users/qqy/node_modules/.bin/gulp' }
